es/yy/6k/proguard/seeds.txt
accessibility.QiangHongBaoService
accessibility.QiangHongBaoService: QiangHongBaoService()
accessibility.app.QQTransferAccounts$State: accessibility.app.QQTransferAccounts$State[] values()
accessibility.app.QQTransferAccounts$State: accessibility.app.QQTransferAccounts$State valueOf(java.lang.String)
activity.CameraActivity
activity.CameraActivity: CameraActivity()
activity.SplashActivity
activity.SplashActivity: SplashActivity()
com.baidu.android.common.logging.Log
com.baidu.android.common.logging.Log: boolean sLogEnabled
com.baidu.android.common.logging.Log: boolean sLog2File
com.baidu.android.common.logging.Log: java.util.logging.Logger sFilelogger
com.baidu.android.common.logging.Log: int FILE_LIMETE
com.baidu.android.common.logging.Log: int FILE_NUMBER
com.baidu.android.common.logging.Log: Log()
com.baidu.android.common.logging.Log: void v(java.lang.String,java.lang.String)
com.baidu.android.common.logging.Log: void v(java.lang.String,java.lang.String,java.lang.Throwable)
com.baidu.android.common.logging.Log: void i(java.lang.String,java.lang.String)
com.baidu.android.common.logging.Log: void i(java.lang.String,java.lang.String,java.lang.Throwable)
com.baidu.android.common.logging.Log: void d(java.lang.String,java.lang.String)
com.baidu.android.common.logging.Log: void d(java.lang.String,java.lang.String,java.lang.Throwable)
com.baidu.android.common.logging.Log: void w(java.lang.String,java.lang.String)
com.baidu.android.common.logging.Log: void w(java.lang.String,java.lang.String,java.lang.Throwable)
com.baidu.android.common.logging.Log: void e(java.lang.String,java.lang.String)
com.baidu.android.common.logging.Log: void e(java.lang.String,java.lang.Throwable)
com.baidu.android.common.logging.Log: void e(java.lang.String,java.lang.String,java.lang.Throwable)
com.baidu.android.common.logging.Log: java.lang.String getStackTraceString(java.lang.Throwable)
com.baidu.android.common.logging.SimpleFormatter
com.baidu.android.common.logging.SimpleFormatter: java.util.Date dat
com.baidu.android.common.logging.SimpleFormatter: java.lang.String format
com.baidu.android.common.logging.SimpleFormatter: java.text.MessageFormat formatter
com.baidu.android.common.logging.SimpleFormatter: java.lang.Object[] args
com.baidu.android.common.logging.SimpleFormatter: SimpleFormatter()
com.baidu.android.common.logging.SimpleFormatter: java.lang.String format(java.util.logging.LogRecord)
com.baidu.android.common.logging.SimpleFormatter: void <clinit>()
com.baidu.android.common.net.ConnectManager
com.baidu.android.common.net.ConnectManager: java.lang.String TAG
com.baidu.android.common.net.ConnectManager: boolean DEBUG
com.baidu.android.common.net.ConnectManager: java.lang.String mApn
com.baidu.android.common.net.ConnectManager: java.lang.String mProxy
com.baidu.android.common.net.ConnectManager: java.lang.String mPort
com.baidu.android.common.net.ConnectManager: boolean mUseWap
com.baidu.android.common.net.ConnectManager: java.lang.String mNetType
com.baidu.android.common.net.ConnectManager: int mSubType
com.baidu.android.common.net.ConnectManager: java.lang.String mSubTypeName
com.baidu.android.common.net.ConnectManager: ConnectManager(android.content.Context)
com.baidu.android.common.net.ConnectManager: void checkApn(android.content.Context,android.net.NetworkInfo)
com.baidu.android.common.net.ConnectManager: void checkNetworkType(android.content.Context)
com.baidu.android.common.net.ConnectManager: boolean isNetworkConnected(android.content.Context)
com.baidu.android.common.net.ConnectManager: boolean isWapNetwork()
com.baidu.android.common.net.ConnectManager: java.lang.String getApn()
com.baidu.android.common.net.ConnectManager: java.lang.String getProxy()
com.baidu.android.common.net.ConnectManager: java.lang.String getSubTypeName()
com.baidu.android.common.net.ConnectManager: int getSubType()
com.baidu.android.common.net.ConnectManager: java.lang.String getProxyPort()