es/yy/6k/proguard/mapping.txt
com.baidu.tts.loopj.Base64$Encoder -> com.baidu.tts.loopj.Base64$Encoder:
    int LINE_GROUPS -> LINE_GROUPS
    byte[] ENCODE -> ENCODE
    byte[] ENCODE_WEBSAFE -> ENCODE_WEBSAFE
    byte[] tail -> tail
    int tailLen -> tailLen
    int count -> count
    boolean do_padding -> do_padding
    boolean do_newline -> do_newline
    boolean do_cr -> do_cr
    byte[] alphabet -> alphabet
    void <init>(int,byte[]) -> <init>
    int maxOutputSize(int) -> maxOutputSize
    boolean process(byte[],int,int,boolean) -> process
    void <clinit>() -> <clinit>
com.baidu.tts.loopj.Base64DataException -> com.baidu.tts.loopj.Base64DataException:
    void <init>(java.lang.String) -> <init>
com.baidu.tts.loopj.Base64OutputStream -> com.baidu.tts.loopj.Base64OutputStream:
    com.baidu.tts.loopj.Base64$Coder coder -> coder
    int flags -> flags
    byte[] buffer -> buffer
    int bpos -> bpos
    byte[] EMPTY -> EMPTY
    void <init>(java.io.OutputStream,int) -> <init>
    void <init>(java.io.OutputStream,int,boolean) -> <init>
    void write(int) -> write
    void flushBuffer() -> flushBuffer
    void write(byte[],int,int) -> write
    void close() -> close
    void internalWrite(byte[],int,int,boolean) -> internalWrite
    byte[] embiggen(byte[],int) -> embiggen
    void <clinit>() -> <clinit>
com.baidu.tts.loopj.BaseJsonHttpResponseHandler -> com.baidu.tts.loopj.BaseJsonHttpResponseHandler:
    java.lang.String LOG_TAG -> LOG_TAG
    void <init>() -> <init>
    void <init>(java.lang.String) -> <init>
    void onSuccess(int,org.apache.http.Header[],java.lang.String,java.lang.Object) -> onSuccess
    void onFailure(int,org.apache.http.Header[],java.lang.Throwable,java.lang.String,java.lang.Object) -> onFailure
    void onSuccess(int,org.apache.http.Header[],java.lang.String) -> onSuccess
    void onFailure(int,org.apache.http.Header[],java.lang.String,java.lang.Throwable) -> onFailure
    java.lang.Object parseResponse(java.lang.String,boolean) -> parseResponse
com.baidu.tts.loopj.BaseJsonHttpResponseHandler$1 -> com.baidu.tts.loopj.BaseJsonHttpResponseHandler$1:
    java.lang.String val$responseString -> val$responseString
    int val$statusCode -> val$statusCode
    org.apache.http.Header[] val$headers -> val$headers
    com.baidu.tts.loopj.BaseJsonHttpResponseHandler this$0 -> this$0
    void <init>(com.baidu.tts.loopj.BaseJsonHttpResponseHandler,java.lang.String,int,org.apache.http.Header[]) -> <init>
    void run() -> run
com.baidu.tts.loopj.BaseJsonHttpResponseHandler$1$1 -> com.baidu.tts.loopj.BaseJsonHttpResponseHandler$1$1:
    java.lang.Object val$jsonResponse -> val$jsonResponse
    com.baidu.tts.loopj.BaseJsonHttpResponseHandler$1 this$1 -> this$1
    void <init>(com.baidu.tts.loopj.BaseJsonHttpResponseHandler$1,java.lang.Object) -> <init>
    void run() -> run
com.baidu.tts.loopj.BaseJsonHttpResponseHandler$1$2 -> com.baidu.tts.loopj.BaseJsonHttpResponseHandler$1$2:
    java.lang.Throwable val$t -> val$t
    com.baidu.tts.loopj.BaseJsonHttpResponseHandler$1 this$1 -> this$1
    void <init>(com.baidu.tts.loopj.BaseJsonHttpResponseHandler$1,java.lang.Throwable) -> <init>
    void run() -> run
com.baidu.tts.loopj.BaseJsonHttpResponseHandler$2 -> com.baidu.tts.loopj.BaseJsonHttpResponseHandler$2:
    java.lang.String val$responseString -> val$responseString
    int val$statusCode -> val$statusCode
    org.apache.http.Header[] val$headers -> val$headers
    java.lang.Throwable val$throwable -> val$throwable
    com.baidu.tts.loopj.BaseJsonHttpResponseHandler this$0 -> this$0
    void <init>(com.baidu.tts.loopj.BaseJsonHttpResponseHandler,java.lang.String,int,org.apache.http.Header[],java.lang.Throwable) -> <init>
    void run() -> run